<?xml version="1.0" encoding="UTF-8"?>
<!-- Generated by org.testng.reporters.JUnitReportReporter -->
<testsuite hostname="DESKTOP-GPJOP6O" failures="0" tests="1" name="customertest.logintest" time="0.563" errors="0" timestamp="2023-01-27T08:56:12 IST" skipped="0">
  <testcase classname="customertest.logintest" name="LoginTest" time="0.563"/>
  <system-out/>
</testsuite> <!-- customertest.logintest -->
